PRT1
84
329
4 1 8 (512 192 864 ) (448 192 864 ) (448 192 672 ) (512 192 672 ) 
4 1 7 (704 192 672 ) (704 192 864 ) (512 192 864 ) (512 192 672 ) 
4 1 3 (448 496 672 ) (448 560 672 ) (576 560 672 ) (576 496 672 ) 
4 1 2 (576 560 672 ) (704 560 672 ) (704 448 672 ) (576 448 672 ) 
4 1 5 (704 192 672 ) (448 192 672 ) (448 448 672 ) (704 448 672 ) 
4 1 6 (448 192 864 ) (448 560 864 ) (448 560 672 ) (448 192 672 ) 
4 2 20 (576 560 432 ) (704 560 432 ) (704 448 432 ) (576 448 432 ) 
4 2 3 (576 496 672 ) (576 560 672 ) (576 560 560 ) (576 496 560 ) 
4 2 4 (576 560 432 ) (576 448 432 ) (576 448 560 ) (576 560 560 ) 
4 2 5 (576 448 432 ) (704 448 432 ) (704 448 672 ) (576 448 672 ) 
4 3 4 (448 496 560 ) (448 560 560 ) (576 560 560 ) (576 496 560 ) 
4 3 6 (448 560 672 ) (448 560 560 ) (448 496 560 ) (448 496 672 ) 
4 4 20 (448 560 432 ) (576 560 432 ) (576 448 432 ) (448 448 432 ) 
4 4 6 (448 560 560 ) (448 560 432 ) (448 448 432 ) (448 448 560 ) 
4 4 5 (448 448 560 ) (448 448 432 ) (576 448 432 ) (576 448 560 ) 
4 5 20 (704 448 432 ) (704 192 432 ) (448 192 432 ) (448 448 432 ) 
4 5 8 (512 192 512 ) (512 192 672 ) (448 192 672 ) (448 192 512 ) 
4 5 7 (512 192 432 ) (704 192 432 ) (704 192 672 ) (512 192 672 ) 
4 5 6 (448 448 432 ) (448 192 432 ) (448 192 672 ) (448 448 672 ) 
4 6 22 (400 480 432 ) (400 336 432 ) (256 336 432 ) (256 480 432 ) 
4 6 21 (256 560 432 ) (400 560 432 ) (400 480 432 ) (256 480 432 ) 
4 6 24 (400 336 432 ) (400 192 432 ) (256 192 432 ) (256 336 432 ) 
4 6 20 (400 560 432 ) (448 560 432 ) (448 192 432 ) (400 192 432 ) 
4 6 15 (256 240 448 ) (256 240 528 ) (256 288 528 ) (256 288 448 ) 
4 6 16 (256 320 432 ) (256 240 432 ) (256 240 448 ) (256 320 448 ) 
4 6 14 (256 240 528 ) (256 240 720 ) (256 320 720 ) (256 320 528 ) 
4 6 13 (256 560 720 ) (256 560 432 ) (256 320 432 ) (256 320 720 ) 
4 6 11 (256 240 864 ) (256 416 864 ) (256 416 720 ) (256 240 720 ) 
4 6 10 (256 416 864 ) (256 560 864 ) (256 560 720 ) (256 416 720 ) 
4 6 18 (256 192 864 ) (256 240 864 ) (256 240 432 ) (256 192 432 ) 
4 6 9 (256 192 432 ) (288 192 432 ) (288 192 512 ) (256 192 512 ) 
4 6 8 (448 192 512 ) (448 192 864 ) (256 192 864 ) (256 192 512 ) 
4 7 48 (512 80 432 ) (704 80 432 ) (704 80 512 ) (512 80 512 ) 
4 7 44 (704 80 512 ) (704 80 864 ) (512 80 864 ) (512 80 512 ) 
4 7 20 (704 192 432 ) (704 80 432 ) (512 80 432 ) (512 192 432 ) 
4 7 8 (512 192 864 ) (512 192 512 ) (512 80 512 ) (512 80 864 ) 
4 8 46 (256 80 640 ) (256 80 512 ) (384 80 512 ) (384 80 640 ) 
4 8 45 (384 80 864 ) (256 80 864 ) (256 80 640 ) (384 80 640 ) 
4 8 44 (512 80 512 ) (512 80 864 ) (384 80 864 ) (384 80 512 ) 
4 8 18 (256 80 512 ) (256 80 864 ) (256 192 864 ) (256 192 512 ) 
4 8 9 (288 80 512 ) (256 80 512 ) (256 192 512 ) (288 192 512 ) 
4 9 48 (256 80 432 ) (288 80 432 ) (288 80 512 ) (256 80 512 ) 
4 9 24 (288 80 432 ) (256 80 432 ) (256 192 432 ) (288 192 432 ) 
4 9 18 (256 80 432 ) (256 80 512 ) (256 192 512 ) (256 192 432 ) 
4 10 13 (32 416 720 ) (32 560 720 ) (256 560 720 ) (256 416 720 ) 
4 10 12 (224 416 864 ) (32 416 864 ) (32 416 848 ) (224 416 848 ) 
4 10 11 (256 416 720 ) (256 416 864 ) (224 416 864 ) (224 416 720 ) 
4 10 19 (32 560 864 ) (32 560 720 ) (32 416 720 ) (32 416 864 ) 
4 11 14 (256 320 720 ) (256 240 720 ) (224 240 720 ) (224 320 720 ) 
4 11 13 (224 416 720 ) (256 416 720 ) (256 320 720 ) (224 320 720 ) 
4 11 12 (224 240 848 ) (224 240 864 ) (224 416 864 ) (224 416 848 ) 
4 11 18 (256 240 720 ) (256 240 864 ) (224 240 864 ) (224 240 720 ) 
4 12 19 (32 240 848 ) (32 240 864 ) (32 416 864 ) (32 416 848 ) 
4 12 18 (224 240 864 ) (32 240 864 ) (32 240 848 ) (224 240 848 ) 
4 13 25 (32 560 432 ) (144 560 432 ) (144 320 432 ) (32 320 432 ) 
4 13 22 (256 480 432 ) (256 336 432 ) (144 336 432 ) (144 480 432 ) 
4 13 21 (144 560 432 ) (256 560 432 ) (256 480 432 ) (144 480 432 ) 
4 13 24 (256 336 432 ) (256 320 432 ) (144 320 432 ) (144 336 432 ) 
4 13 16 (96 320 432 ) (256 320 432 ) (256 320 448 ) (96 320 448 ) 
4 13 17 (32 320 432 ) (96 320 432 ) (96 320 528 ) (32 320 528 ) 
4 13 14 (256 320 528 ) (256 320 720 ) (32 320 720 ) (32 320 528 ) 
4 13 19 (32 560 720 ) (32 560 432 ) (32 320 432 ) (32 320 720 ) 
4 14 15 (256 288 528 ) (256 240 528 ) (96 240 528 ) (96 288 528 ) 
4 14 17 (32 240 528 ) (32 320 528 ) (96 320 528 ) (96 240 528 ) 
4 14 18 (256 240 528 ) (256 240 720 ) (32 240 720 ) (32 240 528 ) 
4 14 19 (32 240 528 ) (32 240 720 ) (32 320 720 ) (32 320 528 ) 
4 15 16 (256 288 448 ) (256 240 448 ) (96 240 448 ) (96 288 448 ) 
4 15 18 (256 240 448 ) (256 240 528 ) (96 240 528 ) (96 240 448 ) 
4 15 17 (96 288 448 ) (96 240 448 ) (96 240 528 ) (96 288 528 ) 
4 16 25 (144 240 432 ) (96 240 432 ) (96 320 432 ) (144 320 432 ) 
4 16 24 (256 320 432 ) (256 240 432 ) (144 240 432 ) (144 320 432 ) 
4 16 17 (96 320 448 ) (96 320 432 ) (96 240 432 ) (96 240 448 ) 
4 16 18 (96 240 432 ) (256 240 432 ) (256 240 448 ) (96 240 448 ) 
4 17 25 (96 240 432 ) (32 240 432 ) (32 320 432 ) (96 320 432 ) 
4 17 19 (32 320 432 ) (32 240 432 ) (32 240 528 ) (32 320 528 ) 
4 17 18 (32 240 432 ) (96 240 432 ) (96 240 528 ) (32 240 528 ) 
4 18 66 (32 80 432 ) (80 80 432 ) (80 80 656 ) (32 80 656 ) 
4 18 65 (80 80 432 ) (208 80 432 ) (208 80 656 ) (80 80 656 ) 
4 18 64 (208 80 656 ) (208 80 864 ) (32 80 864 ) (32 80 656 ) 
4 18 48 (208 80 432 ) (256 80 432 ) (256 80 512 ) (208 80 512 ) 
4 18 46 (256 80 512 ) (256 80 640 ) (208 80 640 ) (208 80 512 ) 
4 18 45 (256 80 640 ) (256 80 864 ) (208 80 864 ) (208 80 640 ) 
4 18 26 (144 80 432 ) (32 80 432 ) (32 176 432 ) (144 176 432 ) 
4 18 25 (32 176 432 ) (32 240 432 ) (144 240 432 ) (144 176 432 ) 
4 18 24 (256 240 432 ) (256 80 432 ) (144 80 432 ) (144 240 432 ) 
4 18 19 (32 240 432 ) (32 80 432 ) (32 80 864 ) (32 240 864 ) 
4 19 66 (-80 80 432 ) (32 80 432 ) (32 80 656 ) (-80 80 656 ) 
4 19 68 (-272 80 656 ) (-272 80 432 ) (-80 80 432 ) (-80 80 656 ) 
4 19 64 (-272 80 864 ) (-272 80 656 ) (32 80 656 ) (32 80 864 ) 
4 19 27 (-16 96 432 ) (-16 80 432 ) (-240 80 432 ) (-240 96 432 ) 
4 19 29 (-272 80 432 ) (-272 176 432 ) (-240 176 432 ) (-240 80 432 ) 
4 19 26 (-16 176 432 ) (32 176 432 ) (32 80 432 ) (-16 80 432 ) 
4 19 25 (-272 176 432 ) (-272 560 432 ) (32 560 432 ) (32 176 432 ) 
4 20 50 (400 80 224 ) (416 80 224 ) (416 80 288 ) (400 80 288 ) 
4 20 49 (416 80 224 ) (704 80 224 ) (704 80 288 ) (416 80 288 ) 
4 20 48 (704 80 288 ) (704 80 432 ) (400 80 432 ) (400 80 288 ) 
4 20 36 (400 224 224 ) (400 336 224 ) (512 336 224 ) (512 224 224 ) 
4 20 37 (512 80 224 ) (400 80 224 ) (400 224 224 ) (512 224 224 ) 
4 20 35 (704 80 224 ) (512 80 224 ) (512 336 224 ) (704 336 224 ) 
4 20 30 (656 560 224 ) (704 560 224 ) (704 528 224 ) (656 528 224 ) 
4 20 33 (704 528 224 ) (704 336 224 ) (656 336 224 ) (656 528 224 ) 
4 20 34 (400 336 224 ) (400 560 224 ) (656 560 224 ) (656 336 224 ) 
4 20 22 (400 336 384 ) (400 336 432 ) (400 480 432 ) (400 480 384 ) 
4 20 23 (400 480 224 ) (400 336 224 ) (400 336 288 ) (400 480 288 ) 
4 20 21 (400 560 224 ) (400 480 224 ) (400 480 432 ) (400 560 432 ) 
4 20 24 (400 336 224 ) (400 80 224 ) (400 80 432 ) (400 336 432 ) 
4 21 38 (144 480 224 ) (144 560 224 ) (368 560 224 ) (368 480 224 ) 
4 21 34 (368 560 224 ) (400 560 224 ) (400 480 224 ) (368 480 224 ) 
4 21 25 (144 560 432 ) (144 560 224 ) (144 480 224 ) (144 480 432 ) 
4 21 22 (400 480 384 ) (400 480 432 ) (144 480 432 ) (144 480 384 ) 
4 21 23 (144 480 224 ) (400 480 224 ) (400 480 288 ) (144 480 288 ) 
4 22 25 (144 336 384 ) (144 336 432 ) (144 480 432 ) (144 480 384 ) 
4 22 24 (144 336 432 ) (144 336 384 ) (400 336 384 ) (400 336 432 ) 
4 23 38 (144 336 224 ) (144 480 224 ) (368 480 224 ) (368 336 224 ) 
4 23 34 (368 480 224 ) (400 480 224 ) (400 336 224 ) (368 336 224 ) 
4 23 25 (144 480 224 ) (144 336 224 ) (144 336 288 ) (144 480 288 ) 
4 23 24 (144 336 288 ) (144 336 224 ) (400 336 224 ) (400 336 288 ) 
4 24 70 (144 80 224 ) (208 80 224 ) (208 80 384 ) (144 80 384 ) 
4 24 65 (208 80 384 ) (208 80 432 ) (144 80 432 ) (144 80 384 ) 
4 24 50 (208 80 224 ) (400 80 224 ) (400 80 288 ) (208 80 288 ) 
4 24 48 (400 80 288 ) (400 80 432 ) (208 80 432 ) (208 80 288 ) 
4 24 38 (368 80 224 ) (144 80 224 ) (144 336 224 ) (368 336 224 ) 
4 24 36 (368 224 224 ) (368 336 224 ) (400 336 224 ) (400 224 224 ) 
4 24 37 (400 80 224 ) (368 80 224 ) (368 224 224 ) (400 224 224 ) 
4 24 26 (144 176 224 ) (144 80 224 ) (144 80 432 ) (144 176 432 ) 
4 24 25 (144 336 224 ) (144 176 224 ) (144 176 432 ) (144 336 432 ) 
4 25 42 (-272 176 224 ) (-272 192 224 ) (-32 192 224 ) (-32 176 224 ) 
4 25 39 (-272 192 224 ) (-272 560 224 ) (64 560 224 ) (64 192 224 ) 
4 25 38 (64 560 224 ) (144 560 224 ) (144 176 224 ) (64 176 224 ) 
4 25 28 (-240 176 224 ) (-16 176 224 ) (-16 176 368 ) (-240 176 368 ) 
4 25 29 (-272 176 224 ) (-240 176 224 ) (-240 176 432 ) (-272 176 432 ) 
4 25 26 (-16 176 224 ) (144 176 224 ) (144 176 432 ) (-16 176 432 ) 
4 26 76 (-16 80 224 ) (0 80 224 ) (0 80 304 ) (-16 80 304 ) 
4 26 75 (0 80 224 ) (80 80 224 ) (80 80 304 ) (0 80 304 ) 
4 26 71 (80 80 304 ) (80 80 384 ) (-16 80 384 ) (-16 80 304 ) 
4 26 70 (80 80 224 ) (144 80 224 ) (144 80 384 ) (80 80 384 ) 
4 26 66 (80 80 432 ) (-16 80 432 ) (-16 80 384 ) (80 80 384 ) 
4 26 65 (144 80 384 ) (144 80 432 ) (80 80 432 ) (80 80 384 ) 
4 26 40 (64 80 224 ) (-16 80 224 ) (-16 96 224 ) (64 96 224 ) 
4 26 38 (144 80 224 ) (64 80 224 ) (64 176 224 ) (144 176 224 ) 
4 26 27 (-16 80 368 ) (-16 80 432 ) (-16 96 432 ) (-16 96 368 ) 
4 26 28 (-16 176 224 ) (-16 80 224 ) (-16 80 368 ) (-16 176 368 ) 
4 27 71 (-16 80 368 ) (-16 80 384 ) (-240 80 384 ) (-240 80 368 ) 
4 27 66 (-16 80 384 ) (-16 80 432 ) (-80 80 432 ) (-80 80 384 ) 
4 27 68 (-80 80 432 ) (-240 80 432 ) (-240 80 384 ) (-80 80 384 ) 
4 27 28 (-16 96 368 ) (-16 80 368 ) (-240 80 368 ) (-240 96 368 ) 
4 27 29 (-240 96 368 ) (-240 80 368 ) (-240 80 432 ) (-240 96 432 ) 
4 28 76 (-240 80 224 ) (-16 80 224 ) (-16 80 304 ) (-240 80 304 ) 
4 28 71 (-16 80 304 ) (-16 80 368 ) (-240 80 368 ) (-240 80 304 ) 
4 28 40 (-16 80 224 ) (-32 80 224 ) (-32 96 224 ) (-16 96 224 ) 
4 28 42 (-32 80 224 ) (-240 80 224 ) (-240 176 224 ) (-32 176 224 ) 
4 28 29 (-240 176 368 ) (-240 176 224 ) (-240 80 224 ) (-240 80 368 ) 
4 29 76 (-272 80 304 ) (-272 80 224 ) (-240 80 224 ) (-240 80 304 ) 
4 29 71 (-272 80 384 ) (-272 80 304 ) (-240 80 304 ) (-240 80 384 ) 
4 29 68 (-272 80 432 ) (-272 80 384 ) (-240 80 384 ) (-240 80 432 ) 
4 29 42 (-240 80 224 ) (-272 80 224 ) (-272 176 224 ) (-240 176 224 ) 
4 30 32 (656 544 96 ) (656 560 96 ) (672 560 96 ) (672 544 96 ) 
4 30 31 (672 560 96 ) (704 560 96 ) (704 528 96 ) (672 528 96 ) 
4 30 33 (704 528 96 ) (704 528 224 ) (656 528 224 ) (656 528 96 ) 
4 30 34 (656 560 224 ) (656 560 96 ) (656 528 96 ) (656 528 224 ) 
4 31 43 (672 560 80 ) (704 560 80 ) (704 528 80 ) (672 528 80 ) 
4 31 32 (672 560 96 ) (672 560 80 ) (672 544 80 ) (672 544 96 ) 
4 31 33 (672 528 80 ) (704 528 80 ) (704 528 96 ) (672 528 96 ) 
4 32 43 (656 560 80 ) (672 560 80 ) (672 544 80 ) (656 544 80 ) 
4 32 34 (656 560 96 ) (656 560 80 ) (656 544 80 ) (656 544 96 ) 
4 33 43 (704 528 80 ) (704 336 80 ) (656 336 80 ) (656 528 80 ) 
4 33 35 (656 336 80 ) (704 336 80 ) (704 336 224 ) (656 336 224 ) 
4 33 34 (656 528 80 ) (656 336 80 ) (656 336 224 ) (656 528 224 ) 
4 34 43 (368 560 80 ) (656 560 80 ) (656 336 80 ) (368 336 80 ) 
4 34 38 (368 560 224 ) (368 560 80 ) (368 336 80 ) (368 336 224 ) 
4 34 36 (512 336 176 ) (512 336 224 ) (368 336 224 ) (368 336 176 ) 
4 34 35 (512 336 80 ) (656 336 80 ) (656 336 224 ) (512 336 224 ) 
4 35 52 (512 80 80 ) (704 80 80 ) (704 80 160 ) (512 80 160 ) 
4 35 49 (704 80 160 ) (704 80 224 ) (512 80 224 ) (512 80 160 ) 
4 35 43 (704 336 80 ) (704 80 80 ) (512 80 80 ) (512 336 80 ) 
4 35 36 (512 336 224 ) (512 336 176 ) (512 224 176 ) (512 224 224 ) 
4 35 37 (512 224 80 ) (512 80 80 ) (512 80 224 ) (512 224 224 ) 
4 36 38 (368 224 176 ) (368 224 224 ) (368 336 224 ) (368 336 176 ) 
4 36 37 (512 224 176 ) (512 224 224 ) (368 224 224 ) (368 224 176 ) 
4 37 52 (368 80 80 ) (512 80 80 ) (512 80 160 ) (368 80 160 ) 
4 37 50 (416 80 224 ) (368 80 224 ) (368 80 160 ) (416 80 160 ) 
4 37 49 (512 80 160 ) (512 80 224 ) (416 80 224 ) (416 80 160 ) 
4 37 43 (512 80 80 ) (368 80 80 ) (368 224 80 ) (512 224 80 ) 
4 37 38 (368 224 80 ) (368 80 80 ) (368 80 224 ) (368 224 224 ) 
4 38 75 (64 80 80 ) (80 80 80 ) (80 80 224 ) (64 80 224 ) 
4 38 70 (80 80 80 ) (208 80 80 ) (208 80 224 ) (80 80 224 ) 
4 38 52 (208 80 80 ) (368 80 80 ) (368 80 160 ) (208 80 160 ) 
4 38 50 (368 80 160 ) (368 80 224 ) (208 80 224 ) (208 80 160 ) 
4 38 43 (64 560 80 ) (368 560 80 ) (368 80 80 ) (64 80 80 ) 
4 38 40 (64 80 128 ) (64 80 224 ) (64 96 224 ) (64 96 128 ) 
4 38 41 (64 192 80 ) (64 80 80 ) (64 80 128 ) (64 192 128 ) 
4 38 39 (64 560 80 ) (64 192 80 ) (64 192 224 ) (64 560 224 ) 
4 39 43 (-272 192 80 ) (-272 560 80 ) (64 560 80 ) (64 192 80 ) 
4 39 41 (-32 192 80 ) (64 192 80 ) (64 192 128 ) (-32 192 128 ) 
4 39 42 (-272 192 224 ) (-272 192 80 ) (-32 192 80 ) (-32 192 224 ) 
4 40 76 (0 80 224 ) (-32 80 224 ) (-32 80 128 ) (0 80 128 ) 
4 40 75 (64 80 128 ) (64 80 224 ) (0 80 224 ) (0 80 128 ) 
4 40 41 (64 80 128 ) (-32 80 128 ) (-32 96 128 ) (64 96 128 ) 
4 40 42 (-32 80 128 ) (-32 80 224 ) (-32 96 224 ) (-32 96 128 ) 
4 41 76 (-32 80 80 ) (0 80 80 ) (0 80 128 ) (-32 80 128 ) 
4 41 75 (0 80 80 ) (64 80 80 ) (64 80 128 ) (0 80 128 ) 
4 41 43 (-32 192 80 ) (64 192 80 ) (64 80 80 ) (-32 80 80 ) 
4 41 42 (-32 192 80 ) (-32 80 80 ) (-32 80 128 ) (-32 192 128 ) 
4 42 76 (-272 80 224 ) (-272 80 80 ) (-32 80 80 ) (-32 80 224 ) 
4 42 43 (-272 80 80 ) (-272 192 80 ) (-32 192 80 ) (-32 80 80 ) 
4 43 77 (-272 80 48 ) (-272 80 -16 ) (0 80 -16 ) (0 80 48 ) 
4 43 76 (-272 80 80 ) (-272 80 48 ) (0 80 48 ) (0 80 80 ) 
4 43 75 (0 80 -16 ) (80 80 -16 ) (80 80 80 ) (0 80 80 ) 
4 43 70 (80 80 -16 ) (208 80 -16 ) (208 80 80 ) (80 80 80 ) 
4 43 52 (208 80 -16 ) (704 80 -16 ) (704 80 80 ) (208 80 80 ) 
4 44 63 (576 -256 512 ) (384 -256 512 ) (384 -208 512 ) (576 -208 512 ) 
4 44 53 (704 -208 512 ) (704 -256 512 ) (576 -256 512 ) (576 -208 512 ) 
4 44 48 (384 80 512 ) (704 80 512 ) (704 -208 512 ) (384 -208 512 ) 
4 44 46 (384 80 512 ) (384 -48 512 ) (384 -48 640 ) (384 80 640 ) 
4 44 45 (384 -256 640 ) (384 -256 864 ) (384 80 864 ) (384 80 640 ) 
4 44 47 (384 -256 512 ) (704 -256 512 ) (704 -256 864 ) (384 -256 864 ) 
4 45 65 (208 80 656 ) (208 80 640 ) (208 -144 640 ) (208 -144 656 ) 
4 45 64 (208 80 864 ) (208 80 656 ) (208 -144 656 ) (208 -144 864 ) 
4 45 69 (208 -144 640 ) (208 -256 640 ) (208 -256 864 ) (208 -144 864 ) 
4 45 46 (208 -48 640 ) (208 80 640 ) (384 80 640 ) (384 -48 640 ) 
4 45 47 (208 -256 864 ) (208 -256 640 ) (384 -256 640 ) (384 -256 864 ) 
4 46 65 (208 80 640 ) (208 80 512 ) (208 -48 512 ) (208 -48 640 ) 
4 46 48 (208 -48 512 ) (208 80 512 ) (384 80 512 ) (384 -48 512 ) 
4 47 69 (208 -256 512 ) (208 -448 512 ) (208 -448 864 ) (208 -256 864 ) 
4 47 63 (576 -448 512 ) (208 -448 512 ) (208 -256 512 ) (576 -256 512 ) 
4 47 53 (704 -448 512 ) (576 -448 512 ) (576 -256 512 ) (704 -256 512 ) 
4 48 70 (208 80 384 ) (208 80 288 ) (208 -208 288 ) (208 -208 384 ) 
4 48 65 (208 80 512 ) (208 80 384 ) (208 -144 384 ) (208 -144 512 ) 
4 48 69 (208 -144 384 ) (208 -208 384 ) (208 -208 512 ) (208 -144 512 ) 
4 48 63 (576 -208 512 ) (208 -208 512 ) (208 -208 288 ) (576 -208 288 ) 
4 48 53 (704 -208 288 ) (704 -208 512 ) (576 -208 512 ) (576 -208 288 ) 
4 48 51 (208 -208 288 ) (208 -64 288 ) (320 -64 288 ) (320 -208 288 ) 
4 48 50 (208 -64 288 ) (208 80 288 ) (416 80 288 ) (416 -64 288 ) 
4 48 49 (416 80 288 ) (704 80 288 ) (704 -208 288 ) (416 -208 288 ) 
4 49 63 (576 -208 288 ) (416 -208 288 ) (416 -208 160 ) (576 -208 160 ) 
4 49 53 (704 -208 160 ) (704 -208 288 ) (576 -208 288 ) (576 -208 160 ) 
4 49 52 (704 -208 160 ) (416 -208 160 ) (416 80 160 ) (704 80 160 ) 
4 49 50 (416 -64 288 ) (416 80 288 ) (416 80 160 ) (416 -64 160 ) 
4 50 70 (208 80 288 ) (208 80 160 ) (208 -64 160 ) (208 -64 288 ) 
4 50 52 (208 -64 160 ) (208 80 160 ) (416 80 160 ) (416 -64 160 ) 
4 50 51 (208 -64 288 ) (208 -64 160 ) (320 -64 160 ) (320 -64 288 ) 
4 51 70 (208 -64 160 ) (208 -208 160 ) (208 -208 288 ) (208 -64 288 ) 
4 51 63 (320 -208 288 ) (208 -208 288 ) (208 -208 160 ) (320 -208 160 ) 
4 51 52 (320 -208 160 ) (208 -208 160 ) (208 -64 160 ) (320 -64 160 ) 
4 52 70 (208 80 160 ) (208 80 -16 ) (208 -208 -16 ) (208 -208 160 ) 
4 52 63 (576 -208 160 ) (208 -208 160 ) (208 -208 -16 ) (576 -208 -16 ) 
4 52 58 (640 -208 48 ) (576 -208 48 ) (576 -208 -16 ) (640 -208 -16 ) 
4 52 54 (704 -208 -16 ) (704 -208 48 ) (640 -208 48 ) (640 -208 -16 ) 
4 52 53 (704 -208 48 ) (704 -208 160 ) (576 -208 160 ) (576 -208 48 ) 
4 53 63 (576 -208 512 ) (576 -208 48 ) (576 -448 48 ) (576 -448 512 ) 
4 53 62 (592 -448 48 ) (576 -448 48 ) (576 -384 48 ) (592 -384 48 ) 
4 53 60 (624 -448 48 ) (592 -448 48 ) (592 -384 48 ) (624 -384 48 ) 
4 53 59 (704 -384 48 ) (704 -448 48 ) (640 -448 48 ) (640 -384 48 ) 
4 53 58 (576 -208 48 ) (640 -208 48 ) (640 -384 48 ) (576 -384 48 ) 
4 53 55 (704 -320 48 ) (704 -368 48 ) (640 -368 48 ) (640 -320 48 ) 
4 53 54 (640 -208 48 ) (704 -208 48 ) (704 -320 48 ) (640 -320 48 ) 
4 54 58 (640 -320 -16 ) (640 -320 48 ) (640 -208 48 ) (640 -208 -16 ) 
4 54 56 (704 -320 0 ) (704 -320 32 ) (640 -320 32 ) (640 -320 0 ) 
4 54 55 (704 -320 32 ) (704 -320 48 ) (640 -320 48 ) (640 -320 32 ) 
4 55 58 (640 -368 48 ) (640 -320 48 ) (640 -320 32 ) (640 -368 32 ) 
4 55 57 (640 -352 32 ) (640 -336 32 ) (704 -336 32 ) (704 -352 32 ) 
4 55 56 (640 -336 32 ) (640 -320 32 ) (704 -320 32 ) (704 -336 32 ) 
4 56 58 (640 -336 0 ) (640 -336 32 ) (640 -320 32 ) (640 -320 0 ) 
4 56 57 (704 -336 16 ) (704 -336 32 ) (640 -336 32 ) (640 -336 16 ) 
4 57 58 (640 -352 32 ) (640 -336 32 ) (640 -336 16 ) (640 -352 16 ) 
4 58 63 (576 -208 48 ) (576 -208 -16 ) (576 -384 -16 ) (576 -384 48 ) 
4 58 62 (576 -384 48 ) (576 -384 0 ) (592 -384 0 ) (592 -384 48 ) 
4 58 61 (608 -384 16 ) (608 -384 32 ) (592 -384 32 ) (592 -384 16 ) 
4 58 60 (624 -384 48 ) (592 -384 48 ) (592 -384 32 ) (624 -384 32 ) 
4 60 62 (592 -448 32 ) (592 -448 48 ) (592 -384 48 ) (592 -384 32 ) 
4 60 61 (608 -448 32 ) (592 -448 32 ) (592 -384 32 ) (608 -384 32 ) 
4 61 62 (592 -448 16 ) (592 -448 32 ) (592 -384 32 ) (592 -384 16 ) 
4 62 63 (576 -448 0 ) (576 -448 48 ) (576 -384 48 ) (576 -384 0 ) 
4 63 70 (208 -448 -16 ) (208 -448 384 ) (208 -208 384 ) (208 -208 -16 ) 
4 63 69 (208 -448 384 ) (208 -448 512 ) (208 -208 512 ) (208 -208 384 ) 
4 64 66 (-80 80 656 ) (80 80 656 ) (80 -16 656 ) (-80 -16 656 ) 
4 64 65 (80 80 656 ) (208 80 656 ) (208 -144 656 ) (80 -144 656 ) 
4 64 68 (-272 -144 656 ) (-272 80 656 ) (-80 80 656 ) (-80 -144 656 ) 
4 64 69 (208 -144 656 ) (208 -144 864 ) (-272 -144 864 ) (-272 -144 656 ) 
4 65 70 (80 80 384 ) (208 80 384 ) (208 -144 384 ) (80 -144 384 ) 
4 65 67 (80 -16 384 ) (80 -144 384 ) (80 -144 576 ) (80 -16 576 ) 
4 65 66 (80 80 384 ) (80 -16 384 ) (80 -16 656 ) (80 80 656 ) 
4 65 69 (208 -144 384 ) (208 -144 656 ) (80 -144 656 ) (80 -144 384 ) 
4 66 71 (-80 80 384 ) (80 80 384 ) (80 -16 384 ) (-80 -16 384 ) 
4 66 67 (-80 -16 576 ) (-80 -16 384 ) (80 -16 384 ) (80 -16 576 ) 
4 66 68 (-80 80 656 ) (-80 80 384 ) (-80 -16 384 ) (-80 -16 656 ) 
4 67 71 (80 -16 384 ) (80 -144 384 ) (-80 -144 384 ) (-80 -16 384 ) 
4 67 68 (-80 -16 384 ) (-80 -144 384 ) (-80 -144 576 ) (-80 -16 576 ) 
4 67 69 (-80 -144 576 ) (-80 -144 384 ) (80 -144 384 ) (80 -144 576 ) 
4 68 71 (-272 -144 384 ) (-272 80 384 ) (-80 80 384 ) (-80 -144 384 ) 
4 68 69 (-80 -144 656 ) (-272 -144 656 ) (-272 -144 384 ) (-80 -144 384 ) 
4 69 73 (-272 -288 384 ) (-272 -144 384 ) (-128 -144 384 ) (-128 -288 384 ) 
4 69 74 (-272 -448 384 ) (-272 -288 384 ) (-64 -288 384 ) (-64 -448 384 ) 
4 69 72 (-64 -144 384 ) (80 -144 384 ) (80 -448 384 ) (-64 -448 384 ) 
4 69 70 (80 -144 384 ) (208 -144 384 ) (208 -448 384 ) (80 -448 384 ) 
4 70 81 (80 -448 0 ) (80 -448 16 ) (80 -224 16 ) (80 -224 0 ) 
4 70 79 (80 -448 16 ) (80 -448 48 ) (80 -224 48 ) (80 -224 16 ) 
4 70 78 (80 -448 48 ) (80 -448 304 ) (80 -224 304 ) (80 -224 48 ) 
4 70 75 (80 -224 304 ) (80 80 304 ) (80 80 -16 ) (80 -224 -16 ) 
4 70 72 (80 -448 304 ) (80 -448 384 ) (80 -144 384 ) (80 -144 304 ) 
4 70 71 (80 -144 384 ) (80 80 384 ) (80 80 304 ) (80 -144 304 ) 
4 71 76 (-272 -144 304 ) (-272 80 304 ) (0 80 304 ) (0 -144 304 ) 
4 71 75 (0 80 304 ) (80 80 304 ) (80 -144 304 ) (0 -144 304 ) 
4 71 73 (-128 -144 384 ) (-272 -144 384 ) (-272 -144 304 ) (-128 -144 304 ) 
4 71 72 (80 -144 304 ) (80 -144 384 ) (-64 -144 384 ) (-64 -144 304 ) 
4 72 82 (-32 -448 304 ) (-64 -448 304 ) (-64 -224 304 ) (-32 -224 304 ) 
4 72 78 (80 -224 304 ) (80 -448 304 ) (-32 -448 304 ) (-32 -224 304 ) 
4 72 76 (-64 -144 304 ) (0 -144 304 ) (0 -224 304 ) (-64 -224 304 ) 
4 72 75 (0 -144 304 ) (80 -144 304 ) (80 -224 304 ) (0 -224 304 ) 
4 72 74 (-64 -288 304 ) (-64 -448 304 ) (-64 -448 384 ) (-64 -288 384 ) 
4 73 82 (-272 -288 304 ) (-272 -224 304 ) (-128 -224 304 ) (-128 -288 304 ) 
4 73 76 (-272 -224 304 ) (-272 -144 304 ) (-128 -144 304 ) (-128 -224 304 ) 
4 73 74 (-128 -288 384 ) (-272 -288 384 ) (-272 -288 304 ) (-128 -288 304 ) 
4 74 82 (-272 -448 304 ) (-272 -288 304 ) (-64 -288 304 ) (-64 -448 304 ) 
4 75 81 (80 -224 0 ) (80 -224 16 ) (64 -224 16 ) (64 -224 0 ) 
4 75 80 (48 -224 48 ) (32 -224 48 ) (32 -224 32 ) (48 -224 32 ) 
4 75 79 (80 -224 16 ) (80 -224 48 ) (48 -224 48 ) (48 -224 16 ) 
4 75 78 (80 -224 48 ) (80 -224 304 ) (0 -224 304 ) (0 -224 48 ) 
4 75 77 (0 80 48 ) (0 80 -16 ) (0 -192 -16 ) (0 -192 48 ) 
4 75 76 (0 80 304 ) (0 80 48 ) (0 -224 48 ) (0 -224 304 ) 
4 76 82 (-32 -224 304 ) (-272 -224 304 ) (-272 -224 48 ) (-32 -224 48 ) 
4 76 78 (0 -224 48 ) (0 -224 304 ) (-32 -224 304 ) (-32 -224 48 ) 
4 76 77 (-272 80 48 ) (0 80 48 ) (0 -192 48 ) (-272 -192 48 ) 
4 78 82 (-32 -224 304 ) (-32 -224 48 ) (-32 -448 48 ) (-32 -448 304 ) 
4 78 80 (48 -448 48 ) (32 -448 48 ) (32 -224 48 ) (48 -224 48 ) 
4 78 79 (80 -448 48 ) (48 -448 48 ) (48 -224 48 ) (80 -224 48 ) 
4 79 81 (64 -224 16 ) (80 -224 16 ) (80 -448 16 ) (64 -448 16 ) 
4 79 80 (48 -448 32 ) (48 -448 48 ) (48 -224 48 ) (48 -224 32 ) 
4 82 83 (-32 -224 48 ) (-32 -448 48 ) (-272 -448 48 ) (-272 -224 48 ) 
